[2025-05-11 06:28:33] local.ERROR: The dump process failed with a none successful exitcode.
Exitcode
========
2: Misuse of shell builtins

Output
======
<no output>

Error Output
============
mysqldump: Got error: 2003: Can't connect to MySQL server on '127.0.0.1:3306' (61) when trying to connect
 {"exception":"[object] (Spatie\\Backup\\Exceptions\\BackupFailed(code: 0): The dump process failed with a none successful exitcode.
Exitcode
========
2: Misuse of shell builtins

Output
======
<no output>

Error Output
============
mysqldump: Got error: 2003: Can't connect to MySQL server on '127.0.0.1:3306' (61) when trying to connect
 at /Users/admin/Desktop/Laravel Books /DevOps  Laravel/7. Source Code/1-fundamentals/api/vendor/spatie/laravel-backup/src/Exceptions/BackupFailed.php:17)
[stacktrace]
#0 /Users/admin/Desktop/Laravel Books /DevOps  Laravel/7. Source Code/1-fundamentals/api/vendor/spatie/laravel-backup/src/Tasks/Backup/BackupJob.php(177): Spatie\\Backup\\Exceptions\\BackupFailed::from(Object(Spatie\\DbDumper\\Exceptions\\DumpFailed))
#1 /Users/admin/Desktop/Laravel Books /DevOps  Laravel/7. Source Code/1-fundamentals/api/vendor/spatie/laravel-backup/src/Commands/BackupCommand.php(65): Spatie\\Backup\\Tasks\\Backup\\BackupJob->run()
#2 /Users/admin/Desktop/Laravel Books /DevOps  Laravel/7. Source Code/1-fundamentals/api/vendor/laravel/framework/src/Illuminate/Container/BoundMethod.php(36): Spatie\\Backup\\Commands\\BackupCommand->handle()
#3 /Users/admin/Desktop/Laravel Books /DevOps  Laravel/7. Source Code/1-fundamentals/api/vendor/laravel/framework/src/Illuminate/Container/Util.php(41): Illuminate\\Container\\BoundMethod::Illuminate\\Container\\{closure}()
#4 /Users/admin/Desktop/Laravel Books /DevOps  Laravel/7. Source Code/1-fundamentals/api/vendor/laravel/framework/src/Illuminate/Container/BoundMethod.php(93): Illuminate\\Container\\Util::unwrapIfClosure(Object(Closure))
#5 /Users/admin/Desktop/Laravel Books /DevOps  Laravel/7. Source Code/1-fundamentals/api/vendor/laravel/framework/src/Illuminate/Container/BoundMethod.php(37): Illuminate\\Container\\BoundMethod::callBoundMethod(Object(Illuminate\\Foundation\\Application), Array, Object(Closure))
#6 /Users/admin/Desktop/Laravel Books /DevOps  Laravel/7. Source Code/1-fundamentals/api/vendor/laravel/framework/src/Illuminate/Container/Container.php(662): Illuminate\\Container\\BoundMethod::call(Object(Illuminate\\Foundation\\Application), Array, Array, NULL)
#7 /Users/admin/Desktop/Laravel Books /DevOps  Laravel/7. Source Code/1-fundamentals/api/vendor/laravel/framework/src/Illuminate/Console/Command.php(211): Illuminate\\Container\\Container->call(Array)
#8 /Users/admin/Desktop/Laravel Books /DevOps  Laravel/7. Source Code/1-fundamentals/api/vendor/symfony/console/Command/Command.php(326): Illuminate\\Console\\Command->execute(Object(Symfony\\Component\\Console\\Input\\ArgvInput), Object(Illuminate\\Console\\OutputStyle))
#9 /Users/admin/Desktop/Laravel Books /DevOps  Laravel/7. Source Code/1-fundamentals/api/vendor/laravel/framework/src/Illuminate/Console/Command.php(181): Symfony\\Component\\Console\\Command\\Command->run(Object(Symfony\\Component\\Console\\Input\\ArgvInput), Object(Illuminate\\Console\\OutputStyle))
#10 /Users/admin/Desktop/Laravel Books /DevOps  Laravel/7. Source Code/1-fundamentals/api/vendor/spatie/laravel-backup/src/Commands/BaseCommand.php(28): Illuminate\\Console\\Command->run(Object(Symfony\\Component\\Console\\Input\\ArgvInput), Object(Symfony\\Component\\Console\\Output\\ConsoleOutput))
#11 /Users/admin/Desktop/Laravel Books /DevOps  Laravel/7. Source Code/1-fundamentals/api/vendor/symfony/console/Application.php(1096): Spatie\\Backup\\Commands\\BaseCommand->run(Object(Symfony\\Component\\Console\\Input\\ArgvInput), Object(Symfony\\Component\\Console\\Output\\ConsoleOutput))
#12 /Users/admin/Desktop/Laravel Books /DevOps  Laravel/7. Source Code/1-fundamentals/api/vendor/symfony/console/Application.php(324): Symfony\\Component\\Console\\Application->doRunCommand(Object(Spatie\\Backup\\Commands\\BackupCommand), Object(Symfony\\Component\\Console\\Input\\ArgvInput), Object(Symfony\\Component\\Console\\Output\\ConsoleOutput))
#13 /Users/admin/Desktop/Laravel Books /DevOps  Laravel/7. Source Code/1-fundamentals/api/vendor/symfony/console/Application.php(175): Symfony\\Component\\Console\\Application->doRun(Object(Symfony\\Component\\Console\\Input\\ArgvInput), Object(Symfony\\Component\\Console\\Output\\ConsoleOutput))
#14 /Users/admin/Desktop/Laravel Books /DevOps  Laravel/7. Source Code/1-fundamentals/api/vendor/laravel/framework/src/Illuminate/Foundation/Console/Kernel.php(201): Symfony\\Component\\Console\\Application->run(Object(Symfony\\Component\\Console\\Input\\ArgvInput), Object(Symfony\\Component\\Console\\Output\\ConsoleOutput))
#15 /Users/admin/Desktop/Laravel Books /DevOps  Laravel/7. Source Code/1-fundamentals/api/artisan(37): Illuminate\\Foundation\\Console\\Kernel->handle(Object(Symfony\\Component\\Console\\Input\\ArgvInput), Object(Symfony\\Component\\Console\\Output\\ConsoleOutput))
#16 {main}

[previous exception] [object] (Spatie\\DbDumper\\Exceptions\\DumpFailed(code: 0): The dump process failed with a none successful exitcode.
Exitcode
========
2: Misuse of shell builtins

Output
======
<no output>

Error Output
============
mysqldump: Got error: 2003: Can't connect to MySQL server on '127.0.0.1:3306' (61) when trying to connect
 at /Users/admin/Desktop/Laravel Books /DevOps  Laravel/7. Source Code/1-fundamentals/api/vendor/spatie/db-dumper/src/Exceptions/DumpFailed.php:14)
[stacktrace]
#0 /Users/admin/Desktop/Laravel Books /DevOps  Laravel/7. Source Code/1-fundamentals/api/vendor/spatie/db-dumper/src/DbDumper.php(200): Spatie\\DbDumper\\Exceptions\\DumpFailed::processDidNotEndSuccessfully(Object(Symfony\\Component\\Process\\Process))
#1 /Users/admin/Desktop/Laravel Books /DevOps  Laravel/7. Source Code/1-fundamentals/api/vendor/spatie/db-dumper/src/Databases/MySql.php(171): Spatie\\DbDumper\\DbDumper->checkIfDumpWasSuccessFul(Object(Symfony\\Component\\Process\\Process), '/Users/admin/De...')
#2 /Users/admin/Desktop/Laravel Books /DevOps  Laravel/7. Source Code/1-fundamentals/api/vendor/spatie/laravel-backup/src/Tasks/Backup/BackupJob.php(281): Spatie\\DbDumper\\Databases\\MySql->dumpToFile('/Users/admin/De...')
#3 [internal function]: Spatie\\Backup\\Tasks\\Backup\\BackupJob->Spatie\\Backup\\Tasks\\Backup\\{closure}(Object(Spatie\\DbDumper\\Databases\\MySql), 'mysql')
#4 /Users/admin/Desktop/Laravel Books /DevOps  Laravel/7. Source Code/1-fundamentals/api/vendor/laravel/framework/src/Illuminate/Collections/Arr.php(600): array_map(Object(Closure), Array, Array)
#5 /Users/admin/Desktop/Laravel Books /DevOps  Laravel/7. Source Code/1-fundamentals/api/vendor/laravel/framework/src/Illuminate/Collections/Collection.php(778): Illuminate\\Support\\Arr::map(Array, Object(Closure))
#6 /Users/admin/Desktop/Laravel Books /DevOps  Laravel/7. Source Code/1-fundamentals/api/vendor/spatie/laravel-backup/src/Tasks/Backup/BackupJob.php(284): Illuminate\\Support\\Collection->map(Object(Closure))
#7 /Users/admin/Desktop/Laravel Books /DevOps  Laravel/7. Source Code/1-fundamentals/api/vendor/spatie/laravel-backup/src/Tasks/Backup/BackupJob.php(189): Spatie\\Backup\\Tasks\\Backup\\BackupJob->dumpDatabases()
#8 /Users/admin/Desktop/Laravel Books /DevOps  Laravel/7. Source Code/1-fundamentals/api/vendor/spatie/laravel-backup/src/Tasks/Backup/BackupJob.php(163): Spatie\\Backup\\Tasks\\Backup\\BackupJob->createBackupManifest()
#9 /Users/admin/Desktop/Laravel Books /DevOps  Laravel/7. Source Code/1-fundamentals/api/vendor/spatie/laravel-backup/src/Commands/BackupCommand.php(65): Spatie\\Backup\\Tasks\\Backup\\BackupJob->run()
#10 /Users/admin/Desktop/Laravel Books /DevOps  Laravel/7. Source Code/1-fundamentals/api/vendor/laravel/framework/src/Illuminate/Container/BoundMethod.php(36): Spatie\\Backup\\Commands\\BackupCommand->handle()
#11 /Users/admin/Desktop/Laravel Books /DevOps  Laravel/7. Source Code/1-fundamentals/api/vendor/laravel/framework/src/Illuminate/Container/Util.php(41): Illuminate\\Container\\BoundMethod::Illuminate\\Container\\{closure}()
#12 /Users/admin/Desktop/Laravel Books /DevOps  Laravel/7. Source Code/1-fundamentals/api/vendor/laravel/framework/src/Illuminate/Container/BoundMethod.php(93): Illuminate\\Container\\Util::unwrapIfClosure(Object(Closure))
#13 /Users/admin/Desktop/Laravel Books /DevOps  Laravel/7. Source Code/1-fundamentals/api/vendor/laravel/framework/src/Illuminate/Container/BoundMethod.php(37): Illuminate\\Container\\BoundMethod::callBoundMethod(Object(Illuminate\\Foundation\\Application), Array, Object(Closure))
#14 /Users/admin/Desktop/Laravel Books /DevOps  Laravel/7. Source Code/1-fundamentals/api/vendor/laravel/framework/src/Illuminate/Container/Container.php(662): Illuminate\\Container\\BoundMethod::call(Object(Illuminate\\Foundation\\Application), Array, Array, NULL)
#15 /Users/admin/Desktop/Laravel Books /DevOps  Laravel/7. Source Code/1-fundamentals/api/vendor/laravel/framework/src/Illuminate/Console/Command.php(211): Illuminate\\Container\\Container->call(Array)
#16 /Users/admin/Desktop/Laravel Books /DevOps  Laravel/7. Source Code/1-fundamentals/api/vendor/symfony/console/Command/Command.php(326): Illuminate\\Console\\Command->execute(Object(Symfony\\Component\\Console\\Input\\ArgvInput), Object(Illuminate\\Console\\OutputStyle))
#17 /Users/admin/Desktop/Laravel Books /DevOps  Laravel/7. Source Code/1-fundamentals/api/vendor/laravel/framework/src/Illuminate/Console/Command.php(181): Symfony\\Component\\Console\\Command\\Command->run(Object(Symfony\\Component\\Console\\Input\\ArgvInput), Object(Illuminate\\Console\\OutputStyle))
#18 /Users/admin/Desktop/Laravel Books /DevOps  Laravel/7. Source Code/1-fundamentals/api/vendor/spatie/laravel-backup/src/Commands/BaseCommand.php(28): Illuminate\\Console\\Command->run(Object(Symfony\\Component\\Console\\Input\\ArgvInput), Object(Symfony\\Component\\Console\\Output\\ConsoleOutput))
#19 /Users/admin/Desktop/Laravel Books /DevOps  Laravel/7. Source Code/1-fundamentals/api/vendor/symfony/console/Application.php(1096): Spatie\\Backup\\Commands\\BaseCommand->run(Object(Symfony\\Component\\Console\\Input\\ArgvInput), Object(Symfony\\Component\\Console\\Output\\ConsoleOutput))
#20 /Users/admin/Desktop/Laravel Books /DevOps  Laravel/7. Source Code/1-fundamentals/api/vendor/symfony/console/Application.php(324): Symfony\\Component\\Console\\Application->doRunCommand(Object(Spatie\\Backup\\Commands\\BackupCommand), Object(Symfony\\Component\\Console\\Input\\ArgvInput), Object(Symfony\\Component\\Console\\Output\\ConsoleOutput))
#21 /Users/admin/Desktop/Laravel Books /DevOps  Laravel/7. Source Code/1-fundamentals/api/vendor/symfony/console/Application.php(175): Symfony\\Component\\Console\\Application->doRun(Object(Symfony\\Component\\Console\\Input\\ArgvInput), Object(Symfony\\Component\\Console\\Output\\ConsoleOutput))
#22 /Users/admin/Desktop/Laravel Books /DevOps  Laravel/7. Source Code/1-fundamentals/api/vendor/laravel/framework/src/Illuminate/Foundation/Console/Kernel.php(201): Symfony\\Component\\Console\\Application->run(Object(Symfony\\Component\\Console\\Input\\ArgvInput), Object(Symfony\\Component\\Console\\Output\\ConsoleOutput))
#23 /Users/admin/Desktop/Laravel Books /DevOps  Laravel/7. Source Code/1-fundamentals/api/artisan(37): Illuminate\\Foundation\\Console\\Kernel->handle(Object(Symfony\\Component\\Console\\Input\\ArgvInput), Object(Symfony\\Component\\Console\\Output\\ConsoleOutput))
#24 {main}
"} 
[2025-05-11 06:28:33] local.ERROR: Connection could not be established with host "mailpit:1025": stream_socket_client(): php_network_getaddresses: getaddrinfo for mailpit failed: nodename nor servname provided, or not known {"exception":"[object] (Symfony\\Component\\Mailer\\Exception\\TransportException(code: 0): Connection could not be established with host \"mailpit:1025\": stream_socket_client(): php_network_getaddresses: getaddrinfo for mailpit failed: nodename nor servname provided, or not known at /Users/admin/Desktop/Laravel Books /DevOps  Laravel/7. Source Code/1-fundamentals/api/vendor/symfony/mailer/Transport/Smtp/Stream/SocketStream.php:154)
[stacktrace]
#0 [internal function]: Symfony\\Component\\Mailer\\Transport\\Smtp\\Stream\\SocketStream->Symfony\\Component\\Mailer\\Transport\\Smtp\\Stream\\{closure}(2, 'stream_socket_c...', '/Users/admin/De...', 157)
#1 /Users/admin/Desktop/Laravel Books /DevOps  Laravel/7. Source Code/1-fundamentals/api/vendor/symfony/mailer/Transport/Smtp/Stream/SocketStream.php(157): stream_socket_client('mailpit:1025', 0, '', 60.0, 4, Resource id #1424)
#2 /Users/admin/Desktop/Laravel Books /DevOps  Laravel/7. Source Code/1-fundamentals/api/vendor/symfony/mailer/Transport/Smtp/SmtpTransport.php(275): Symfony\\Component\\Mailer\\Transport\\Smtp\\Stream\\SocketStream->initialize()
#3 /Users/admin/Desktop/Laravel Books /DevOps  Laravel/7. Source Code/1-fundamentals/api/vendor/symfony/mailer/Transport/Smtp/SmtpTransport.php(210): Symfony\\Component\\Mailer\\Transport\\Smtp\\SmtpTransport->start()
#4 /Users/admin/Desktop/Laravel Books /DevOps  Laravel/7. Source Code/1-fundamentals/api/vendor/symfony/mailer/Transport/AbstractTransport.php(69): Symfony\\Component\\Mailer\\Transport\\Smtp\\SmtpTransport->doSend(Object(Symfony\\Component\\Mailer\\SentMessage))
#5 /Users/admin/Desktop/Laravel Books /DevOps  Laravel/7. Source Code/1-fundamentals/api/vendor/symfony/mailer/Transport/Smtp/SmtpTransport.php(137): Symfony\\Component\\Mailer\\Transport\\AbstractTransport->send(Object(Symfony\\Component\\Mime\\Email), Object(Symfony\\Component\\Mailer\\DelayedEnvelope))
#6 /Users/admin/Desktop/Laravel Books /DevOps  Laravel/7. Source Code/1-fundamentals/api/vendor/laravel/framework/src/Illuminate/Mail/Mailer.php(573): Symfony\\Component\\Mailer\\Transport\\Smtp\\SmtpTransport->send(Object(Symfony\\Component\\Mime\\Email), Object(Symfony\\Component\\Mailer\\DelayedEnvelope))
#7 /Users/admin/Desktop/Laravel Books /DevOps  Laravel/7. Source Code/1-fundamentals/api/vendor/laravel/framework/src/Illuminate/Mail/Mailer.php(335): Illuminate\\Mail\\Mailer->sendSymfonyMessage(Object(Symfony\\Component\\Mime\\Email))
#8 /Users/admin/Desktop/Laravel Books /DevOps  Laravel/7. Source Code/1-fundamentals/api/vendor/laravel/framework/src/Illuminate/Notifications/Channels/MailChannel.php(69): Illuminate\\Mail\\Mailer->send(Object(Closure), Array, Object(Closure))
#9 /Users/admin/Desktop/Laravel Books /DevOps  Laravel/7. Source Code/1-fundamentals/api/vendor/laravel/framework/src/Illuminate/Notifications/NotificationSender.php(148): Illuminate\\Notifications\\Channels\\MailChannel->send(Object(Spatie\\Backup\\Notifications\\Notifiable), Object(Spatie\\Backup\\Notifications\\Notifications\\BackupHasFailedNotification))
#10 /Users/admin/Desktop/Laravel Books /DevOps  Laravel/7. Source Code/1-fundamentals/api/vendor/laravel/framework/src/Illuminate/Notifications/NotificationSender.php(106): Illuminate\\Notifications\\NotificationSender->sendToNotifiable(Object(Spatie\\Backup\\Notifications\\Notifiable), '83e6f7cc-7906-4...', Object(Spatie\\Backup\\Notifications\\Notifications\\BackupHasFailedNotification), 'mail')
#11 /Users/admin/Desktop/Laravel Books /DevOps  Laravel/7. Source Code/1-fundamentals/api/vendor/laravel/framework/src/Illuminate/Support/Traits/Localizable.php(19): Illuminate\\Notifications\\NotificationSender->Illuminate\\Notifications\\{closure}()
#12 /Users/admin/Desktop/Laravel Books /DevOps  Laravel/7. Source Code/1-fundamentals/api/vendor/laravel/framework/src/Illuminate/Notifications/NotificationSender.php(109): Illuminate\\Notifications\\NotificationSender->withLocale(NULL, Object(Closure))
#13 /Users/admin/Desktop/Laravel Books /DevOps  Laravel/7. Source Code/1-fundamentals/api/vendor/laravel/framework/src/Illuminate/Notifications/NotificationSender.php(79): Illuminate\\Notifications\\NotificationSender->sendNow(Array, Object(Spatie\\Backup\\Notifications\\Notifications\\BackupHasFailedNotification))
#14 /Users/admin/Desktop/Laravel Books /DevOps  Laravel/7. Source Code/1-fundamentals/api/vendor/laravel/framework/src/Illuminate/Notifications/ChannelManager.php(39): Illuminate\\Notifications\\NotificationSender->send(Array, Object(Spatie\\Backup\\Notifications\\Notifications\\BackupHasFailedNotification))
#15 /Users/admin/Desktop/Laravel Books /DevOps  Laravel/7. Source Code/1-fundamentals/api/vendor/laravel/framework/src/Illuminate/Notifications/RoutesNotifications.php(18): Illuminate\\Notifications\\ChannelManager->send(Object(Spatie\\Backup\\Notifications\\Notifiable), Object(Spatie\\Backup\\Notifications\\Notifications\\BackupHasFailedNotification))
#16 /Users/admin/Desktop/Laravel Books /DevOps  Laravel/7. Source Code/1-fundamentals/api/vendor/spatie/laravel-backup/src/Notifications/EventHandler.php(29): Spatie\\Backup\\Notifications\\Notifiable->notify(Object(Spatie\\Backup\\Notifications\\Notifications\\BackupHasFailedNotification))
#17 /Users/admin/Desktop/Laravel Books /DevOps  Laravel/7. Source Code/1-fundamentals/api/vendor/laravel/framework/src/Illuminate/Events/Dispatcher.php(458): Spatie\\Backup\\Notifications\\EventHandler->Spatie\\Backup\\Notifications\\{closure}(Object(Spatie\\Backup\\Events\\BackupHasFailed))
#18 /Users/admin/Desktop/Laravel Books /DevOps  Laravel/7. Source Code/1-fundamentals/api/vendor/laravel/framework/src/Illuminate/Events/Dispatcher.php(286): Illuminate\\Events\\Dispatcher->Illuminate\\Events\\{closure}('Spatie\\\\Backup\\\\E...', Array)
#19 /Users/admin/Desktop/Laravel Books /DevOps  Laravel/7. Source Code/1-fundamentals/api/vendor/laravel/framework/src/Illuminate/Events/Dispatcher.php(266): Illuminate\\Events\\Dispatcher->invokeListeners('Spatie\\\\Backup\\\\E...', Array, false)
#20 /Users/admin/Desktop/Laravel Books /DevOps  Laravel/7. Source Code/1-fundamentals/api/vendor/laravel/framework/src/Illuminate/Foundation/helpers.php(433): Illuminate\\Events\\Dispatcher->dispatch('Spatie\\\\Backup\\\\E...')
#21 /Users/admin/Desktop/Laravel Books /DevOps  Laravel/7. Source Code/1-fundamentals/api/vendor/spatie/laravel-backup/src/Commands/BackupCommand.php(89): event(Object(Spatie\\Backup\\Events\\BackupHasFailed))
#22 /Users/admin/Desktop/Laravel Books /DevOps  Laravel/7. Source Code/1-fundamentals/api/vendor/laravel/framework/src/Illuminate/Container/BoundMethod.php(36): Spatie\\Backup\\Commands\\BackupCommand->handle()
#23 /Users/admin/Desktop/Laravel Books /DevOps  Laravel/7. Source Code/1-fundamentals/api/vendor/laravel/framework/src/Illuminate/Container/Util.php(41): Illuminate\\Container\\BoundMethod::Illuminate\\Container\\{closure}()
#24 /Users/admin/Desktop/Laravel Books /DevOps  Laravel/7. Source Code/1-fundamentals/api/vendor/laravel/framework/src/Illuminate/Container/BoundMethod.php(93): Illuminate\\Container\\Util::unwrapIfClosure(Object(Closure))
#25 /Users/admin/Desktop/Laravel Books /DevOps  Laravel/7. Source Code/1-fundamentals/api/vendor/laravel/framework/src/Illuminate/Container/BoundMethod.php(37): Illuminate\\Container\\BoundMethod::callBoundMethod(Object(Illuminate\\Foundation\\Application), Array, Object(Closure))
#26 /Users/admin/Desktop/Laravel Books /DevOps  Laravel/7. Source Code/1-fundamentals/api/vendor/laravel/framework/src/Illuminate/Container/Container.php(662): Illuminate\\Container\\BoundMethod::call(Object(Illuminate\\Foundation\\Application), Array, Array, NULL)
#27 /Users/admin/Desktop/Laravel Books /DevOps  Laravel/7. Source Code/1-fundamentals/api/vendor/laravel/framework/src/Illuminate/Console/Command.php(211): Illuminate\\Container\\Container->call(Array)
#28 /Users/admin/Desktop/Laravel Books /DevOps  Laravel/7. Source Code/1-fundamentals/api/vendor/symfony/console/Command/Command.php(326): Illuminate\\Console\\Command->execute(Object(Symfony\\Component\\Console\\Input\\ArgvInput), Object(Illuminate\\Console\\OutputStyle))
#29 /Users/admin/Desktop/Laravel Books /DevOps  Laravel/7. Source Code/1-fundamentals/api/vendor/laravel/framework/src/Illuminate/Console/Command.php(181): Symfony\\Component\\Console\\Command\\Command->run(Object(Symfony\\Component\\Console\\Input\\ArgvInput), Object(Illuminate\\Console\\OutputStyle))
#30 /Users/admin/Desktop/Laravel Books /DevOps  Laravel/7. Source Code/1-fundamentals/api/vendor/spatie/laravel-backup/src/Commands/BaseCommand.php(28): Illuminate\\Console\\Command->run(Object(Symfony\\Component\\Console\\Input\\ArgvInput), Object(Symfony\\Component\\Console\\Output\\ConsoleOutput))
#31 /Users/admin/Desktop/Laravel Books /DevOps  Laravel/7. Source Code/1-fundamentals/api/vendor/symfony/console/Application.php(1096): Spatie\\Backup\\Commands\\BaseCommand->run(Object(Symfony\\Component\\Console\\Input\\ArgvInput), Object(Symfony\\Component\\Console\\Output\\ConsoleOutput))
#32 /Users/admin/Desktop/Laravel Books /DevOps  Laravel/7. Source Code/1-fundamentals/api/vendor/symfony/console/Application.php(324): Symfony\\Component\\Console\\Application->doRunCommand(Object(Spatie\\Backup\\Commands\\BackupCommand), Object(Symfony\\Component\\Console\\Input\\ArgvInput), Object(Symfony\\Component\\Console\\Output\\ConsoleOutput))
#33 /Users/admin/Desktop/Laravel Books /DevOps  Laravel/7. Source Code/1-fundamentals/api/vendor/symfony/console/Application.php(175): Symfony\\Component\\Console\\Application->doRun(Object(Symfony\\Component\\Console\\Input\\ArgvInput), Object(Symfony\\Component\\Console\\Output\\ConsoleOutput))
#34 /Users/admin/Desktop/Laravel Books /DevOps  Laravel/7. Source Code/1-fundamentals/api/vendor/laravel/framework/src/Illuminate/Foundation/Console/Kernel.php(201): Symfony\\Component\\Console\\Application->run(Object(Symfony\\Component\\Console\\Input\\ArgvInput), Object(Symfony\\Component\\Console\\Output\\ConsoleOutput))
#35 /Users/admin/Desktop/Laravel Books /DevOps  Laravel/7. Source Code/1-fundamentals/api/artisan(37): Illuminate\\Foundation\\Console\\Kernel->handle(Object(Symfony\\Component\\Console\\Input\\ArgvInput), Object(Symfony\\Component\\Console\\Output\\ConsoleOutput))
#36 {main}
"} 
